Vivado Simulator v2025.1.0
Copyright 1986-2022 Xilinx, Inc. All Rights Reserved.
Copyright 2022-2025 Advanced Micro Devices, Inc. All Rights Reserved.
Running: C:/Xilinx/2025.1/Vivado/bin/unwrapped/win64.o/xelab.exe --incr --debug typical --relax --mt 2 -L xil_defaultlib -L unisims_ver -L unimacro_ver -L secureip -L xpm --snapshot top_tb_behav xil_defaultlib.top_tb xil_defaultlib.glbl -log elaborate.log 
Using 2 slave threads.
Starting static elaboration
Pass Through NonSizing Optimizer
WARNING: [VRFC 10-3091] actual bit length 32 differs from formal bit length 1 for port 'locked' [C:/Users/user/Basys 3 Project Files/dac_output/dac_output.srcs/sources_1/new/top_tb.v:26]
Completed static elaboration
Starting simulation data flow analysis
Completed simulation data flow analysis
Time Resolution for simulation is 1ps
Compiling module xil_defaultlib.delay_timer(CLOCK_CYCLE_TIME=5,D...
Compiling module xil_defaultlib.delay_timer(CLOCK_CYCLE_TIME=5,D...
Compiling module xil_defaultlib.delay_timer(CLOCK_CYCLE_TIME=5,R...
Compiling module xil_defaultlib.delay_timer(CLOCK_CYCLE_TIME=5,D...
Compiling module xil_defaultlib.dac(N=16,CLK_PERIOD=5,SCLK_PERIO...
Compiling module xil_defaultlib.top_tb
Compiling module xil_defaultlib.glbl
Built simulation snapshot top_tb_behav
